Arguments: 
  /Users/didi/.nvm/versions/node/v14.21.1/bin/node /Users/didi/.nvm/versions/node/v14.21.1/bin/yarn add React

PATH: 
  /Users/didi/.nvm/versions/node/v14.21.1/bin:/usr/local/bin:/usr/bin:/bin:/usr/sbin:/sbin

Yarn version: 
  1.22.19

Node version: 
  14.21.1

Platform: 
  darwin x64

Trace: 
  Error: https://registry.yarnpkg.com/React: ETIMEDOUT
      at Timeout._onTimeout (/Users/didi/.nvm/versions/node/v14.21.1/lib/node_modules/yarn/lib/cli.js:141550:19)
      at listOnTimeout (internal/timers.js:557:17)
      at processTimers (internal/timers.js:500:7)

npm manifest: 
  No manifest

yarn manifest: 
  No manifest

Lockfile: 
  No lockfile
